Info: Starting: Create block symbol file (.bsf)
Info: ip-generate --project-directory=C:/altera/13.0sp1/crossroad1/ --output-directory=C:/altera/13.0sp1/crossroad1/crossroad1_core/ --report-file=bsf:C:/altera/13.0sp1/crossroad1/crossroad1_core.bsf --system-info=DEVICE_FAMILY="Cyclone IV GX" --system-info=DEVICE=Unknown --system-info=DEVICE_SPEEDGRADE=Unknown --component-file=C:/altera/13.0sp1/crossroad1/crossroad1_core.qsys
Progress: Loading crossroad1/crossroad1_core.qsys
Progress: Reading input file
Progress: Adding clk_0 [clock_source 13.0]
Progress: Parameterizing module clk_0
Progress: Adding cpu_0 [altera_nios2_qsys 13.0]
Progress: Parameterizing module cpu_0
Progress: Adding onchip_memory2_0 [altera_avalon_onchip_memory2 13.0.1.99.2]
Progress: Parameterizing module onchip_memory2_0
Progress: Adding switches [altera_avalon_pio 13.0.1.99.2]
Progress: Parameterizing module switches
Progress: Adding LEDs [altera_avalon_pio 13.0.1.99.2]
Progress: Parameterizing module LEDs
Progress: Adding jtag_uart_0 [altera_avalon_jtag_uart 13.0.1.99.2]
Progress: Parameterizing module jtag_uart_0
Progress: Building connections
Progress: Parameterizing connections
Progress: Validating
Progress: Done reading input file
Info: crossroad1_core.switches: PIO inputs are not hardwired in test bench. Undefined values will be read from PIO inputs during simulation.
Info: ip-generate succeeded.
Info: Finished: Create block symbol file (.bsf)
Info: 
Info: Starting: Create HDL design files for synthesis
Info: ip-generate --project-directory=C:/altera/13.0sp1/crossroad1/ --output-directory=C:/altera/13.0sp1/crossroad1/crossroad1_core/synthesis/ --file-set=QUARTUS_SYNTH --report-file=sopcinfo:C:/altera/13.0sp1/crossroad1/crossroad1_core.sopcinfo --report-file=html:C:/altera/13.0sp1/crossroad1/crossroad1_core.html --report-file=qip:C:/altera/13.0sp1/crossroad1/crossroad1_core/synthesis/crossroad1_core.qip --report-file=cmp:C:/altera/13.0sp1/crossroad1/crossroad1_core.cmp --report-file=svd --system-info=DEVICE_FAMILY="Cyclone IV GX" --system-info=DEVICE=Unknown --system-info=DEVICE_SPEEDGRADE=Unknown --component-file=C:/altera/13.0sp1/crossroad1/crossroad1_core.qsys --language=VERILOG
Progress: Loading crossroad1/crossroad1_core.qsys
Progress: Reading input file
Progress: Adding clk_0 [clock_source 13.0]
Progress: Parameterizing module clk_0
Progress: Adding cpu_0 [altera_nios2_qsys 13.0]
Progress: Parameterizing module cpu_0
Progress: Adding onchip_memory2_0 [altera_avalon_onchip_memory2 13.0.1.99.2]
Progress: Parameterizing module onchip_memory2_0
Progress: Adding switches [altera_avalon_pio 13.0.1.99.2]
Progress: Parameterizing module switches
Progress: Adding LEDs [altera_avalon_pio 13.0.1.99.2]
Progress: Parameterizing module LEDs
Progress: Adding jtag_uart_0 [altera_avalon_jtag_uart 13.0.1.99.2]
Progress: Parameterizing module jtag_uart_0
Progress: Building connections
Progress: Parameterizing connections
Progress: Validating
Progress: Done reading input file
Info: crossroad1_core.switches: PIO inputs are not hardwired in test bench. Undefined values will be read from PIO inputs during simulation.
Info: crossroad1_core: Generating crossroad1_core "crossroad1_core" for QUARTUS_SYNTH
Info: pipeline_bridge_swap_transform: After transform: 6 modules, 18 connections
Info: No custom instruction connections, skipping transform 
Info: merlin_translator_transform: After transform: 13 modules, 39 connections
Info: merlin_domain_transform: After transform: 26 modules, 106 connections
Info: merlin_router_transform: After transform: 33 modules, 127 connections
Info: reset_adaptation_transform: After transform: 34 modules, 129 connections
Info: merlin_network_to_switch_transform: After transform: 47 modules, 157 connections
Info: merlin_mm_transform: After transform: 47 modules, 157 connections
Info: merlin_interrupt_mapper_transform: After transform: 48 modules, 160 connections
Warning: crossroad1_core: "No matching role found for rst_controller:reset_out:reset_req (reset_req)"
Warning: crossroad1_core: "No matching role found for rst_controller:reset_out:reset_req (reset_req)"
Warning: crossroad1_core: "No matching role found for rst_controller:reset_out:reset_req (reset_req)"
Warning: crossroad1_core: "No matching role found for rst_controller:reset_out:reset_req (reset_req)"
Warning: crossroad1_core: "No matching role found for rst_controller:reset_out:reset_req (reset_req)"
Warning: crossroad1_core: "No matching role found for rst_controller:reset_out:reset_req (reset_req)"
Warning: crossroad1_core: "No matching role found for rst_controller:reset_out:reset_req (reset_req)"
Warning: crossroad1_core: "No matching role found for rst_controller:reset_out:reset_req (reset_req)"
Warning: crossroad1_core: "No matching role found for rst_controller:reset_out:reset_req (reset_req)"
Warning: crossroad1_core: "No matching role found for rst_controller:reset_out:reset_req (reset_req)"
Warning: crossroad1_core: "No matching role found for rst_controller:reset_out:reset_req (reset_req)"
Warning: crossroad1_core: "No matching role found for rst_controller:reset_out:reset_req (reset_req)"
Warning: crossroad1_core: "No matching role found for rst_controller:reset_out:reset_req (reset_req)"
Warning: crossroad1_core: "No matching role found for rst_controller:reset_out:reset_req (reset_req)"
Warning: crossroad1_core: "No matching role found for rst_controller:reset_out:reset_req (reset_req)"
Warning: crossroad1_core: "No matching role found for rst_controller:reset_out:reset_req (reset_req)"
Warning: crossroad1_core: "No matching role found for rst_controller:reset_out:reset_req (reset_req)"
Warning: crossroad1_core: "No matching role found for rst_controller:reset_out:reset_req (reset_req)"
Warning: crossroad1_core: "No matching role found for rst_controller:reset_out:reset_req (reset_req)"
Warning: crossroad1_core: "No matching role found for rst_controller:reset_out:reset_req (reset_req)"
Warning: crossroad1_core: "No matching role found for rst_controller:reset_out:reset_req (reset_req)"
Warning: crossroad1_core: "No matching role found for rst_controller:reset_out:reset_req (reset_req)"
Warning: crossroad1_core: "No matching role found for rst_controller:reset_out:reset_req (reset_req)"
Warning: crossroad1_core: "No matching role found for rst_controller:reset_out:reset_req (reset_req)"
Warning: crossroad1_core: "No matching role found for rst_controller:reset_out:reset_req (reset_req)"
Warning: crossroad1_core: "No matching role found for rst_controller:reset_out:reset_req (reset_req)"
Warning: crossroad1_core: "No matching role found for rst_controller:reset_out:reset_req (reset_req)"
Warning: crossroad1_core: "No matching role found for rst_controller:reset_out:reset_req (reset_req)"
Warning: crossroad1_core: "No matching role found for rst_controller:reset_out:reset_req (reset_req)"
Warning: crossroad1_core: "No matching role found for rst_controller:reset_out:reset_req (reset_req)"
Warning: crossroad1_core: "No matching role found for rst_controller:reset_out:reset_req (reset_req)"
Warning: crossroad1_core: "No matching role found for rst_controller:reset_out:reset_req (reset_req)"
Warning: crossroad1_core: "No matching role found for rst_controller:reset_out:reset_req (reset_req)"
Warning: crossroad1_core: "No matching role found for rst_controller:reset_out:reset_req (reset_req)"
Warning: crossroad1_core: "No matching role found for rst_controller:reset_out:reset_req (reset_req)"
Warning: crossroad1_core: "No matching role found for rst_controller:reset_out:reset_req (reset_req)"
Warning: crossroad1_core: "No matching role found for rst_controller:reset_out:reset_req (reset_req)"
Warning: crossroad1_core: "No matching role found for rst_controller:reset_out:reset_req (reset_req)"
Warning: crossroad1_core: "No matching role found for rst_controller:reset_out:reset_req (reset_req)"
Warning: crossroad1_core: "No matching role found for rst_controller:reset_out:reset_req (reset_req)"
Warning: crossroad1_core: "No matching role found for rst_controller:reset_out:reset_req (reset_req)"
Warning: crossroad1_core: "No matching role found for rst_controller:reset_out:reset_req (reset_req)"
Warning: crossroad1_core: "No matching role found for rst_controller:reset_out:reset_req (reset_req)"
Warning: crossroad1_core: "No matching role found for rst_controller:reset_out:reset_req (reset_req)"
Warning: crossroad1_core: "No matching role found for rst_controller:reset_out:reset_req (reset_req)"
Info: cpu_0: Starting RTL generation for module 'crossroad1_core_cpu_0'
Info: cpu_0:   Generation command is [exec C:/altera/13.0sp1/quartus/../ip/altera/nios2_ip/altera_nios2/eperl.exe -I C:/altera/13.0sp1/quartus/common/ip/altera/common/perl/5.8.3 -I C:/altera/13.0sp1/quartus/sopc_builder/bin/europa -I C:/altera/13.0sp1/quartus/sopc_builder/bin/perl_lib -I C:/altera/13.0sp1/quartus/sopc_builder/bin -I C:/altera/13.0sp1/quartus/../ip/altera/nios2_ip/altera_nios2/cpu_lib -I C:/altera/13.0sp1/quartus/../ip/altera/nios2_ip/altera_nios2/nios_lib -I C:/altera/13.0sp1/quartus/../ip/altera/nios2_ip/altera_nios2 -I C:/altera/13.0sp1/quartus/../ip/altera/nios2_ip/altera_nios2 -- C:/altera/13.0sp1/quartus/../ip/altera/nios2_ip/altera_nios2/generate_rtl.epl --name=crossroad1_core_cpu_0 --dir=C:/Users/D7E8~1/AppData/Local/Temp/alt9695_2016873826483637578.dir/0001_cpu_0_gen/ --quartus_dir=C:/altera/13.0sp1/quartus --verilog --config=C:/Users/D7E8~1/AppData/Local/Temp/alt9695_2016873826483637578.dir/0001_cpu_0_gen//crossroad1_core_cpu_0_processor_configuration.pl  --do_build_sim=0    --bogus  ]
Info: cpu_0: # 2023.12.04 22:39:09 (*) Starting Nios II generation
Info: cpu_0: # 2023.12.04 22:39:09 (*)   Checking for plaintext license.
Info: cpu_0: # 2023.12.04 22:39:09 (*)   Couldn't query license setup in Quartus directory C:/altera/13.0sp1/quartus
Info: cpu_0: # 2023.12.04 22:39:09 (*)   Defaulting to contents of LM_LICENSE_FILE environment variable
Info: cpu_0: # 2023.12.04 22:39:09 (*)   LM_LICENSE_FILE environment variable is empty
Info: cpu_0: # 2023.12.04 22:39:09 (*)   Plaintext license not found.
Info: cpu_0: # 2023.12.04 22:39:09 (*)   No license required to generate encrypted Nios II/e.
Info: cpu_0: # 2023.12.04 22:39:09 (*)   Elaborating CPU configuration settings
Info: cpu_0: # 2023.12.04 22:39:09 (*)   Creating all objects for CPU
Info: cpu_0: # 2023.12.04 22:39:10 (*)   Generating RTL from CPU objects
Info: cpu_0: # 2023.12.04 22:39:10 (*)   Creating plain-text RTL
Info: cpu_0: # 2023.12.04 22:39:11 (*) Done Nios II generation
Info: cpu_0: Done RTL generation for module 'crossroad1_core_cpu_0'
Info: cpu_0: "crossroad1_core" instantiated altera_nios2_qsys "cpu_0"
Info: onchip_memory2_0: Starting RTL generation for module 'crossroad1_core_onchip_memory2_0'
Info: onchip_memory2_0:   Generation command is [exec C:/altera/13.0sp1/quartus/bin/perl/bin/perl.exe -I C:/altera/13.0sp1/quartus/common/ip/altera/common/perl/5.8.3 -I C:/altera/13.0sp1/quartus/sopc_builder/bin/europa -I C:/altera/13.0sp1/quartus/sopc_builder/bin/perl_lib -I C:/altera/13.0sp1/quartus/sopc_builder/bin -I C:/altera/13.0sp1/quartus/../ip/altera/sopc_builder_ip/common -I C:/altera/13.0sp1/quartus/../ip/altera/sopc_builder_ip/altera_avalon_onchip_memory2 -- C:/altera/13.0sp1/quartus/../ip/altera/sopc_builder_ip/altera_avalon_onchip_memory2/generate_rtl.pl --name=crossroad1_core_onchip_memory2_0 --dir=C:/Users/D7E8~1/AppData/Local/Temp/alt9695_2016873826483637578.dir/0002_onchip_memory2_0_gen/ --quartus_dir=C:/altera/13.0sp1/quartus --verilog --config=C:/Users/D7E8~1/AppData/Local/Temp/alt9695_2016873826483637578.dir/0002_onchip_memory2_0_gen//crossroad1_core_onchip_memory2_0_component_configuration.pl  --do_build_sim=0  ]
Info: onchip_memory2_0: Done RTL generation for module 'crossroad1_core_onchip_memory2_0'
Info: onchip_memory2_0: "crossroad1_core" instantiated altera_avalon_onchip_memory2 "onchip_memory2_0"
Info: switches: Starting RTL generation for module 'crossroad1_core_switches'
Info: switches:   Generation command is [exec C:/altera/13.0sp1/quartus/bin/perl/bin/perl.exe -I C:/altera/13.0sp1/quartus/common/ip/altera/common/perl/5.8.3 -I C:/altera/13.0sp1/quartus/sopc_builder/bin/europa -I C:/altera/13.0sp1/quartus/sopc_builder/bin/perl_lib -I C:/altera/13.0sp1/quartus/sopc_builder/bin -I C:/altera/13.0sp1/quartus/../ip/altera/sopc_builder_ip/common -I C:/altera/13.0sp1/quartus/../ip/altera/sopc_builder_ip/altera_avalon_pio -- C:/altera/13.0sp1/quartus/../ip/altera/sopc_builder_ip/altera_avalon_pio/generate_rtl.pl --name=crossroad1_core_switches --dir=C:/Users/D7E8~1/AppData/Local/Temp/alt9695_2016873826483637578.dir/0003_switches_gen/ --quartus_dir=C:/altera/13.0sp1/quartus --verilog --config=C:/Users/D7E8~1/AppData/Local/Temp/alt9695_2016873826483637578.dir/0003_switches_gen//crossroad1_core_switches_component_configuration.pl  --do_build_sim=0  ]
Info: switches: Done RTL generation for module 'crossroad1_core_switches'
Info: switches: "crossroad1_core" instantiated altera_avalon_pio "switches"
Info: LEDs: Starting RTL generation for module 'crossroad1_core_LEDs'
Info: LEDs:   Generation command is [exec C:/altera/13.0sp1/quartus/bin/perl/bin/perl.exe -I C:/altera/13.0sp1/quartus/common/ip/altera/common/perl/5.8.3 -I C:/altera/13.0sp1/quartus/sopc_builder/bin/europa -I C:/altera/13.0sp1/quartus/sopc_builder/bin/perl_lib -I C:/altera/13.0sp1/quartus/sopc_builder/bin -I C:/altera/13.0sp1/quartus/../ip/altera/sopc_builder_ip/common -I C:/altera/13.0sp1/quartus/../ip/altera/sopc_builder_ip/altera_avalon_pio -- C:/altera/13.0sp1/quartus/../ip/altera/sopc_builder_ip/altera_avalon_pio/generate_rtl.pl --name=crossroad1_core_LEDs --dir=C:/Users/D7E8~1/AppData/Local/Temp/alt9695_2016873826483637578.dir/0004_LEDs_gen/ --quartus_dir=C:/altera/13.0sp1/quartus --verilog --config=C:/Users/D7E8~1/AppData/Local/Temp/alt9695_2016873826483637578.dir/0004_LEDs_gen//crossroad1_core_LEDs_component_configuration.pl  --do_build_sim=0  ]
Info: LEDs: Done RTL generation for module 'crossroad1_core_LEDs'
Info: LEDs: "crossroad1_core" instantiated altera_avalon_pio "LEDs"
Info: jtag_uart_0: Starting RTL generation for module 'crossroad1_core_jtag_uart_0'
Info: jtag_uart_0:   Generation command is [exec C:/altera/13.0sp1/quartus/bin/perl/bin/perl.exe -I C:/altera/13.0sp1/quartus/common/ip/altera/common/perl/5.8.3 -I C:/altera/13.0sp1/quartus/sopc_builder/bin/europa -I C:/altera/13.0sp1/quartus/sopc_builder/bin/perl_lib -I C:/altera/13.0sp1/quartus/sopc_builder/bin -I C:/altera/13.0sp1/quartus/../ip/altera/sopc_builder_ip/common -I C:/altera/13.0sp1/quartus/../ip/altera/sopc_builder_ip/altera_avalon_jtag_uart -- C:/altera/13.0sp1/quartus/../ip/altera/sopc_builder_ip/altera_avalon_jtag_uart/generate_rtl.pl --name=crossroad1_core_jtag_uart_0 --dir=C:/Users/D7E8~1/AppData/Local/Temp/alt9695_2016873826483637578.dir/0005_jtag_uart_0_gen/ --quartus_dir=C:/altera/13.0sp1/quartus --verilog --config=C:/Users/D7E8~1/AppData/Local/Temp/alt9695_2016873826483637578.dir/0005_jtag_uart_0_gen//crossroad1_core_jtag_uart_0_component_configuration.pl  --do_build_sim=0  ]
Info: jtag_uart_0: Done RTL generation for module 'crossroad1_core_jtag_uart_0'
Info: jtag_uart_0: "crossroad1_core" instantiated altera_avalon_jtag_uart "jtag_uart_0"
Info: cpu_0_instruction_master_translator: "crossroad1_core" instantiated altera_merlin_master_translator "cpu_0_instruction_master_translator"
Info: cpu_0_jtag_debug_module_translator: "crossroad1_core" instantiated altera_merlin_slave_translator "cpu_0_jtag_debug_module_translator"
Info: cpu_0_instruction_master_translator_avalon_universal_master_0_agent: "crossroad1_core" instantiated altera_merlin_master_agent "cpu_0_instruction_master_translator_avalon_universal_master_0_agent"
Info: cpu_0_jtag_debug_module_translator_avalon_universal_slave_0_agent: "crossroad1_core" instantiated altera_merlin_slave_agent "cpu_0_jtag_debug_module_translator_avalon_universal_slave_0_agent"
Info: cpu_0_jtag_debug_module_translator_avalon_universal_slave_0_agent_rsp_fifo: "crossroad1_core" instantiated altera_avalon_sc_fifo "cpu_0_jtag_debug_module_translator_avalon_universal_slave_0_agent_rsp_fifo"
Info: addr_router: "crossroad1_core" instantiated altera_merlin_router "addr_router"
Info: addr_router_001: "crossroad1_core" instantiated altera_merlin_router "addr_router_001"
Info: id_router: "crossroad1_core" instantiated altera_merlin_router "id_router"
Info: id_router_002: "crossroad1_core" instantiated altera_merlin_router "id_router_002"
Info: rst_controller: "crossroad1_core" instantiated altera_reset_controller "rst_controller"
Info: cmd_xbar_demux: "crossroad1_core" instantiated altera_merlin_demultiplexer "cmd_xbar_demux"
Info: cmd_xbar_demux_001: "crossroad1_core" instantiated altera_merlin_demultiplexer "cmd_xbar_demux_001"
Info: cmd_xbar_mux: "crossroad1_core" instantiated altera_merlin_multiplexer "cmd_xbar_mux"
Info: rsp_xbar_demux_002: "crossroad1_core" instantiated altera_merlin_demultiplexer "rsp_xbar_demux_002"
Info: rsp_xbar_mux: "crossroad1_core" instantiated altera_merlin_multiplexer "rsp_xbar_mux"
Info: Reusing file C:/altera/13.0sp1/crossroad1/crossroad1_core/synthesis/submodules/altera_merlin_arbitrator.sv
Info: rsp_xbar_mux_001: "crossroad1_core" instantiated altera_merlin_multiplexer "rsp_xbar_mux_001"
Info: Reusing file C:/altera/13.0sp1/crossroad1/crossroad1_core/synthesis/submodules/altera_merlin_arbitrator.sv
Info: irq_mapper: "crossroad1_core" instantiated altera_irq_mapper "irq_mapper"
Info: crossroad1_core: Done crossroad1_core" with 23 modules, 64 files, 1324858 bytes
Info: ip-generate succeeded.
Info: Finished: Create HDL design files for synthesis
